<?xml version="1.0" encoding="UTF-8"?>
<testng-results ignored="0" total="2" passed="2" failed="0" skipped="0">
  <reporter-output>
  </reporter-output>
  <suite started-at="2021-08-06T15:55:28 IST" name="Default suite" finished-at="2021-08-06T15:55:28 IST" duration-ms="40">
    <groups>
    </groups>
    <test started-at="2021-08-06T15:55:28 IST" name="Default test" finished-at="2021-08-06T15:55:28 IST" duration-ms="40">
      <class name="classOne">
        <test-method signature="first()[pri:0, instance:classOne@11c9af63]" started-at="2021-08-06T15:55:28 IST" name="first" finished-at="2021-08-06T15:55:28 IST" duration-ms="7" status="PASS">
          <reporter-output>
          </reporter-output>
        </test-method> <!-- first -->
        <test-method signature="second()[pri:0, instance:classOne@11c9af63]" started-at="2021-08-06T15:55:28 IST" name="second" finished-at="2021-08-06T15:55:28 IST" duration-ms="1" status="PASS">
          <reporter-output>
          </reporter-output>
        </test-method> <!-- second -->
      </class> <!-- classOne -->
    </test> <!-- Default test -->
  </suite> <!-- Default suite -->
</testng-results>
