<?xml version="1.0" encoding="UTF-8"?>
<testng-results ignored="0" total="1" passed="1" failed="0" skipped="0">
  <reporter-output>
  </reporter-output>
  <suite started-at="2021-08-06T15:29:57 IST" name="Default suite" finished-at="2021-08-06T15:29:57 IST" duration-ms="33">
    <groups>
    </groups>
    <test started-at="2021-08-06T15:29:57 IST" name="Default test" finished-at="2021-08-06T15:29:57 IST" duration-ms="33">
      <class name="classOne">
        <test-method signature="first()[pri:0, instance:classOne@45ca843]" started-at="2021-08-06T15:29:57 IST" name="first" finished-at="2021-08-06T15:29:57 IST" duration-ms="8" status="PASS">
          <reporter-output>
          </reporter-output>
        </test-method> <!-- first -->
      </class> <!-- classOne -->
    </test> <!-- Default test -->
  </suite> <!-- Default suite -->
</testng-results>
